Determining if the pthread_create exist failed with the following output:
Change Dir: /home/anthony/Escritorio/sERVIDOR_pROYECTO/server/cmake-build-debug/CMakeFiles/CMakeTmp

Run Build Command:"/usr/bin/make" "cmTC_9a806/fast"
/usr/bin/make -f CMakeFiles/cmTC_9a806.dir/build.make CMakeFiles/cmTC_9a806.dir/build
make[1]: se entra en el directorio '/home/anthony/Escritorio/sERVIDOR_pROYECTO/server/cmake-build-debug/CMakeFiles/CMakeTmp'
Building C object CMakeFiles/cmTC_9a806.dir/CheckSymbolExists.c.o
/usr/bin/cc    -o CMakeFiles/cmTC_9a806.dir/CheckSymbolExists.c.o   -c /home/anthony/Escritorio/sERVIDOR_pROYECTO/server/cmake-build-debug/CMakeFiles/CMakeTmp/CheckSymbolExists.c
Linking C executable cmTC_9a806
/home/anthony/Descargas/clion-2017.2.2/bin/cmake/bin/cmake -E cmake_link_script CMakeFiles/cmTC_9a806.dir/link.txt --verbose=1
/usr/bin/cc      CMakeFiles/cmTC_9a806.dir/CheckSymbolExists.c.o  -o cmTC_9a806 
CMakeFiles/cmTC_9a806.dir/CheckSymbolExists.c.o: En la función `main':
CheckSymbolExists.c:(.text+0x1b): referencia a `pthread_create' sin definir
collect2: error: ld returned 1 exit status
CMakeFiles/cmTC_9a806.dir/build.make:97: fallo en las instrucciones para el objetivo 'cmTC_9a806'
make[1]: *** [cmTC_9a806] Error 1
make[1]: se sale del directorio '/home/anthony/Escritorio/sERVIDOR_pROYECTO/server/cmake-build-debug/CMakeFiles/CMakeTmp'
Makefile:126: fallo en las instrucciones para el objetivo 'cmTC_9a806/fast'
make: *** [cmTC_9a806/fast] Error 2

File /home/anthony/Escritorio/sERVIDOR_pROYECTO/server/cmake-build-debug/CMakeFiles/CMakeTmp/CheckSymbolExists.c:
/* */
#include <pthread.h>

int main(int argc, char** argv)
{
  (void)argv;
#ifndef pthread_create
  return ((int*)(&pthread_create))[argc];
#else
  (void)argc;
  return 0;
#endif
}

Determining if the function pthread_create exists in the pthreads failed with the following output:
Change Dir: /home/anthony/Escritorio/sERVIDOR_pROYECTO/server/cmake-build-debug/CMakeFiles/CMakeTmp

Run Build Command:"/usr/bin/make" "cmTC_76732/fast"
/usr/bin/make -f CMakeFiles/cmTC_76732.dir/build.make CMakeFiles/cmTC_76732.dir/build
make[1]: se entra en el directorio '/home/anthony/Escritorio/sERVIDOR_pROYECTO/server/cmake-build-debug/CMakeFiles/CMakeTmp'
Building C object CMakeFiles/cmTC_76732.dir/CheckFunctionExists.c.o
/usr/bin/cc   -DCHECK_FUNCTION_EXISTS=pthread_create   -o CMakeFiles/cmTC_76732.dir/CheckFunctionExists.c.o   -c /home/anthony/Descargas/clion-2017.2.2/bin/cmake/share/cmake-3.8/Modules/CheckFunctionExists.c
Linking C executable cmTC_76732
/home/anthony/Descargas/clion-2017.2.2/bin/cmake/bin/cmake -E cmake_link_script CMakeFiles/cmTC_76732.dir/link.txt --verbose=1
/usr/bin/cc  -DCHECK_FUNCTION_EXISTS=pthread_create    CMakeFiles/cmTC_76732.dir/CheckFunctionExists.c.o  -o cmTC_76732 -lpthreads 
/usr/bin/ld: no se puede encontrar -lpthreads
collect2: error: ld returned 1 exit status
CMakeFiles/cmTC_76732.dir/build.make:97: fallo en las instrucciones para el objetivo 'cmTC_76732'
make[1]: *** [cmTC_76732] Error 1
make[1]: se sale del directorio '/home/anthony/Escritorio/sERVIDOR_pROYECTO/server/cmake-build-debug/CMakeFiles/CMakeTmp'
Makefile:126: fallo en las instrucciones para el objetivo 'cmTC_76732/fast'
make: *** [cmTC_76732/fast] Error 2


